Vivado Simulator 2017.3
Copyright 1986-1999, 2001-2016 Xilinx, Inc. All Rights Reserved.
Running: C:/Xilinx/Vivado/2017.3/bin/unwrapped/win64.o/xelab.exe -wto b1854b6fb61b4eb9b3924f4245c7d6ee --incr --debug typical --relax --mt 2 -L xil_defaultlib -L secureip --snapshot microprocessor_behav xil_defaultlib.microprocessor -log elaborate.log 
Using 2 slave threads.
Starting static elaboration
Completed static elaboration
Starting simulation data flow analysis
Completed simulation data flow analysis
Time Resolution for simulation is 1ps
Compiling package std.standard
Compiling package std.textio
Compiling package ieee.std_logic_1164
Compiling package ieee.numeric_std
Compiling package xil_defaultlib.program_def
Compiling architecture behavioral of entity xil_defaultlib.cu [cu_default]
Compiling architecture behavioral of entity xil_defaultlib.alu [alu_default]
Compiling architecture behavioral of entity xil_defaultlib.pmem [pmem_default]
Compiling architecture behavioral of entity xil_defaultlib.dbus [dbus_default]
Compiling architecture behavioral of entity xil_defaultlib.dmem [dmem_default]
Compiling architecture behavioral of entity xil_defaultlib.pio [pio_default]
Compiling architecture behavioral of entity xil_defaultlib.microprocessor
Built simulation snapshot microprocessor_behav
